[2020-03-23T19:56:32,845][INFO ][com.krukowska.calculator.CalculatorApplication] Starting CalculatorApplication on edyta-ThinkPad-T470 with PID 26472 (/home/edyta/Repository/java-playground/calculator/target/classes started by edyta in /home/edyta/Repository/java-playground/calculator)
[2020-03-23T19:56:32,860][INFO ][com.krukowska.calculator.CalculatorApplication] No active profile set, falling back to default profiles: default
[2020-03-23T19:56:33,806][INFO ][com.krukowska.calculator.CalculatorApplication] Started CalculatorApplication in 1.551 seconds (JVM running for 2.516)
[2020-03-23T19:56:53,971][INFO ][com.krukowska.calculator.CalculatorApplication] Starting CalculatorApplication on edyta-ThinkPad-T470 with PID 26590 (/home/edyta/Repository/java-playground/calculator/target/classes started by edyta in /home/edyta/Repository/java-playground/calculator)
[2020-03-23T19:56:53,981][INFO ][com.krukowska.calculator.CalculatorApplication] No active profile set, falling back to default profiles: default
[2020-03-23T19:56:55,042][INFO ][com.krukowska.calculator.CalculatorApplication] Started CalculatorApplication in 1.555 seconds (JVM running for 2.534)
[2020-03-23T19:58:00,177][INFO ][com.krukowska.calculator.controllers.CalculatorController] Result method accessed
[2020-03-23T20:00:50,534][INFO ][com.krukowska.calculator.controllers.CalculatorController] Result method accessed
[2020-03-23T20:01:25,440][INFO ][com.krukowska.calculator.controllers.CalculatorControllerTest] Starting CalculatorControllerTest on edyta-ThinkPad-T470 with PID 26989 (started by edyta in /home/edyta/Repository/java-playground/calculator)
[2020-03-23T20:01:25,471][INFO ][com.krukowska.calculator.controllers.CalculatorControllerTest] No active profile set, falling back to default profiles: default
[2020-03-23T20:01:26,989][INFO ][com.krukowska.calculator.controllers.CalculatorControllerTest] Started CalculatorControllerTest in 1.829 seconds (JVM running for 3.212)
[2020-03-23T20:01:27,083][INFO ][com.krukowska.calculator.controllers.CalculatorController] Result method accessed
[2020-03-23T20:01:27,197][INFO ][com.krukowska.calculator.CalculatorApplicationTests] Starting CalculatorApplicationTests on edyta-ThinkPad-T470 with PID 26989 (started by edyta in /home/edyta/Repository/java-playground/calculator)
[2020-03-23T20:01:27,199][INFO ][com.krukowska.calculator.CalculatorApplicationTests] No active profile set, falling back to default profiles: default
[2020-03-23T20:01:27,761][INFO ][com.krukowska.calculator.CalculatorApplicationTests] Started CalculatorApplicationTests in 0.587 seconds (JVM running for 3.984)
[2020-03-24T09:44:09,410][INFO ][com.krukowska.calculator.controllers.CalculatorControllerTest] Starting CalculatorControllerTest on edyta-ThinkPad-T470 with PID 8794 (started by edyta in /home/edyta/Repository/java-playground/calculator)
[2020-03-24T09:44:09,438][INFO ][com.krukowska.calculator.controllers.CalculatorControllerTest] No active profile set, falling back to default profiles: default
[2020-03-24T09:44:11,012][INFO ][com.krukowska.calculator.controllers.CalculatorControllerTest] Started CalculatorControllerTest in 1.923 seconds (JVM running for 3.47)
[2020-03-24T09:44:11,165][INFO ][com.krukowska.calculator.controllers.CalculatorController] Result method accessed
[2020-03-24T09:44:11,348][INFO ][com.krukowska.calculator.CalculatorApplicationTests] Starting CalculatorApplicationTests on edyta-ThinkPad-T470 with PID 8794 (started by edyta in /home/edyta/Repository/java-playground/calculator)
[2020-03-24T09:44:11,357][INFO ][com.krukowska.calculator.CalculatorApplicationTests] No active profile set, falling back to default profiles: default
[2020-03-24T09:44:12,005][INFO ][com.krukowska.calculator.CalculatorApplicationTests] Started CalculatorApplicationTests in 0.722 seconds (JVM running for 4.463)
[2020-03-24T09:59:55,213][INFO ][com.krukowska.calculator.controllers.CalculatorControllerTest] Starting CalculatorControllerTest on edyta-ThinkPad-T470 with PID 10207 (started by edyta in /home/edyta/Repository/java-playground/calculator)
[2020-03-24T09:59:55,308][INFO ][com.krukowska.calculator.controllers.CalculatorControllerTest] No active profile set, falling back to default profiles: default
[2020-03-24T09:59:58,651][INFO ][com.krukowska.calculator.controllers.CalculatorControllerTest] Started CalculatorControllerTest in 4.251 seconds (JVM running for 7.148)
[2020-03-24T09:59:58,833][INFO ][com.krukowska.calculator.controllers.CalculatorController] Result method accessed
[2020-03-24T09:59:59,021][INFO ][com.krukowska.calculator.CalculatorApplicationTests] Starting CalculatorApplicationTests on edyta-ThinkPad-T470 with PID 10207 (started by edyta in /home/edyta/Repository/java-playground/calculator)
[2020-03-24T09:59:59,023][INFO ][com.krukowska.calculator.CalculatorApplicationTests] No active profile set, falling back to default profiles: default
[2020-03-24T10:00:00,651][INFO ][com.krukowska.calculator.CalculatorApplicationTests] Started CalculatorApplicationTests in 1.693 seconds (JVM running for 9.148)
[2020-03-24T10:02:38,852][INFO ][com.krukowska.calculator.controllers.CalculatorControllerTest] Starting CalculatorControllerTest on edyta-ThinkPad-T470 with PID 10507 (started by edyta in /home/edyta/Repository/java-playground/calculator)
[2020-03-24T10:02:38,917][INFO ][com.krukowska.calculator.controllers.CalculatorControllerTest] No active profile set, falling back to default profiles: default
[2020-03-24T10:02:42,491][INFO ][com.krukowska.calculator.controllers.CalculatorControllerTest] Started CalculatorControllerTest in 4.446 seconds (JVM running for 7.804)
[2020-03-24T10:02:42,715][INFO ][com.krukowska.calculator.controllers.CalculatorController] Result method accessed
[2020-03-24T10:02:43,052][INFO ][com.krukowska.calculator.CalculatorApplicationTests] Starting CalculatorApplicationTests on edyta-ThinkPad-T470 with PID 10507 (started by edyta in /home/edyta/Repository/java-playground/calculator)
[2020-03-24T10:02:43,064][INFO ][com.krukowska.calculator.CalculatorApplicationTests] No active profile set, falling back to default profiles: default
[2020-03-24T10:02:44,510][INFO ][com.krukowska.calculator.CalculatorApplicationTests] Started CalculatorApplicationTests in 1.532 seconds (JVM running for 9.823)
[2020-03-24T10:06:24,103][INFO ][com.krukowska.calculator.controllers.CalculatorControllerTest] Starting CalculatorControllerTest on edyta-ThinkPad-T470 with PID 11065 (started by edyta in /home/edyta/Repository/java-playground/calculator)
[2020-03-24T10:06:24,116][INFO ][com.krukowska.calculator.controllers.CalculatorControllerTest] No active profile set, falling back to default profiles: default
[2020-03-24T10:06:25,653][INFO ][com.krukowska.calculator.controllers.CalculatorControllerTest] Started CalculatorControllerTest in 1.855 seconds (JVM running for 3.255)
[2020-03-24T10:06:25,746][INFO ][com.krukowska.calculator.controllers.CalculatorController] Result method accessed
[2020-03-24T10:06:25,852][INFO ][com.krukowska.calculator.CalculatorApplicationTests] Starting CalculatorApplicationTests on edyta-ThinkPad-T470 with PID 11065 (started by edyta in /home/edyta/Repository/java-playground/calculator)
[2020-03-24T10:06:25,854][INFO ][com.krukowska.calculator.CalculatorApplicationTests] No active profile set, falling back to default profiles: default
[2020-03-24T10:06:26,488][INFO ][com.krukowska.calculator.CalculatorApplicationTests] Started CalculatorApplicationTests in 0.659 seconds (JVM running for 4.091)
[2020-03-24T11:30:37,449][INFO ][com.krukowska.calculator.CalculatorApplication] Starting CalculatorApplication on edyta-ThinkPad-T470 with PID 18010 (/home/edyta/Repository/java-playground/calculator/target/classes started by edyta in /home/edyta/Repository/java-playground/calculator)
[2020-03-24T11:30:37,473][INFO ][com.krukowska.calculator.CalculatorApplication] No active profile set, falling back to default profiles: default
[2020-03-24T11:37:02,170][INFO ][com.krukowska.calculator.controllers.CalculatorControllerTest] Starting CalculatorControllerTest on edyta-ThinkPad-T470 with PID 18769 (started by edyta in /home/edyta/Repository/java-playground/calculator)
[2020-03-24T11:37:02,183][INFO ][com.krukowska.calculator.controllers.CalculatorControllerTest] No active profile set, falling back to default profiles: default
[2020-03-24T11:37:03,661][INFO ][com.krukowska.calculator.controllers.CalculatorControllerTest] Started CalculatorControllerTest in 1.764 seconds (JVM running for 3.151)
[2020-03-24T11:37:03,752][INFO ][com.krukowska.calculator.controllers.CalculatorController] Result method accessed
[2020-03-24T11:37:03,865][INFO ][com.krukowska.calculator.CalculatorApplicationTests] Starting CalculatorApplicationTests on edyta-ThinkPad-T470 with PID 18769 (started by edyta in /home/edyta/Repository/java-playground/calculator)
[2020-03-24T11:37:03,867][INFO ][com.krukowska.calculator.CalculatorApplicationTests] No active profile set, falling back to default profiles: default
[2020-03-24T11:37:04,536][INFO ][com.krukowska.calculator.CalculatorApplicationTests] Started CalculatorApplicationTests in 0.694 seconds (JVM running for 4.026)
[2020-03-24T11:39:00,687][INFO ][com.krukowska.calculator.controllers.CalculatorControllerTest] Starting CalculatorControllerTest on edyta-ThinkPad-T470 with PID 19304 (started by edyta in /home/edyta/Repository/java-playground/calculator)
[2020-03-24T11:39:00,710][INFO ][com.krukowska.calculator.controllers.CalculatorControllerTest] No active profile set, falling back to default profiles: default
[2020-03-24T11:39:02,255][INFO ][com.krukowska.calculator.controllers.CalculatorControllerTest] Started CalculatorControllerTest in 1.839 seconds (JVM running for 3.241)
[2020-03-24T11:39:02,341][INFO ][com.krukowska.calculator.controllers.CalculatorController] Result method accessed
[2020-03-24T11:39:02,438][INFO ][com.krukowska.calculator.CalculatorApplicationTests] Starting CalculatorApplicationTests on edyta-ThinkPad-T470 with PID 19304 (started by edyta in /home/edyta/Repository/java-playground/calculator)
[2020-03-24T11:39:02,444][INFO ][com.krukowska.calculator.CalculatorApplicationTests] No active profile set, falling back to default profiles: default
[2020-03-24T11:39:03,046][INFO ][com.krukowska.calculator.CalculatorApplicationTests] Started CalculatorApplicationTests in 0.632 seconds (JVM running for 4.033)
[2020-03-24T11:49:47,755][INFO ][com.krukowska.calculator.controllers.CalculatorControllerTest] Starting CalculatorControllerTest on edyta-ThinkPad-T470 with PID 20154 (started by edyta in /home/edyta/Repository/java-playground/calculator)
[2020-03-24T11:49:47,784][INFO ][com.krukowska.calculator.controllers.CalculatorControllerTest] No active profile set, falling back to default profiles: default
[2020-03-24T11:49:49,257][INFO ][com.krukowska.calculator.controllers.CalculatorControllerTest] Started CalculatorControllerTest in 1.835 seconds (JVM running for 3.254)
[2020-03-24T11:49:49,342][INFO ][com.krukowska.calculator.controllers.CalculatorController] Result method accessed
[2020-03-24T11:49:49,457][INFO ][com.krukowska.calculator.CalculatorApplicationTests] Starting CalculatorApplicationTests on edyta-ThinkPad-T470 with PID 20154 (started by edyta in /home/edyta/Repository/java-playground/calculator)
[2020-03-24T11:49:49,459][INFO ][com.krukowska.calculator.CalculatorApplicationTests] No active profile set, falling back to default profiles: default
[2020-03-24T11:49:50,025][INFO ][com.krukowska.calculator.CalculatorApplicationTests] Started CalculatorApplicationTests in 0.607 seconds (JVM running for 4.022)
[2020-03-24T12:34:24,863][INFO ][com.krukowska.calculator.CalculatorApplication] Starting CalculatorApplication on edyta-ThinkPad-T470 with PID 23110 (/home/edyta/Repository/java-playground/calculator/target/classes started by edyta in /home/edyta/Repository/java-playground/calculator)
[2020-03-24T12:34:24,883][INFO ][com.krukowska.calculator.CalculatorApplication] No active profile set, falling back to default profiles: default
[2020-03-24T12:34:46,200][INFO ][com.krukowska.calculator.CalculatorApplication] Starting CalculatorApplication on edyta-ThinkPad-T470 with PID 23278 (/home/edyta/Repository/java-playground/calculator/target/classes started by edyta in /home/edyta/Repository/java-playground/calculator)
[2020-03-24T12:34:46,214][INFO ][com.krukowska.calculator.CalculatorApplication] No active profile set, falling back to default profiles: default
[2020-03-24T12:34:47,298][INFO ][com.krukowska.calculator.CalculatorApplication] Started CalculatorApplication in 1.592 seconds (JVM running for 2.72)
[2020-03-24T12:34:54,759][INFO ][com.krukowska.calculator.controllers.CalculatorController] Result method accessed
[2020-03-24T12:35:25,306][INFO ][com.krukowska.calculator.controllers.CalculatorController] Result method accessed
[2020-03-24T12:35:30,118][INFO ][com.krukowska.calculator.controllers.CalculatorController] Result method accessed
[2020-03-24T12:52:13,363][INFO ][com.krukowska.calculator.controllers.CalculatorControllerTest] Starting CalculatorControllerTest on edyta-ThinkPad-T470 with PID 25360 (started by edyta in /home/edyta/Repository/java-playground/calculator)
[2020-03-24T12:52:13,381][INFO ][com.krukowska.calculator.controllers.CalculatorControllerTest] No active profile set, falling back to default profiles: default
[2020-03-24T12:52:14,861][INFO ][com.krukowska.calculator.controllers.CalculatorControllerTest] Started CalculatorControllerTest in 1.807 seconds (JVM running for 3.125)
[2020-03-24T12:52:14,942][INFO ][com.krukowska.calculator.controllers.CalculatorController] Result method accessed
[2020-03-24T12:52:15,053][INFO ][com.krukowska.calculator.CalculatorApplicationTests] Starting CalculatorApplicationTests on edyta-ThinkPad-T470 with PID 25360 (started by edyta in /home/edyta/Repository/java-playground/calculator)
[2020-03-24T12:52:15,055][INFO ][com.krukowska.calculator.CalculatorApplicationTests] No active profile set, falling back to default profiles: default
[2020-03-24T12:52:15,646][INFO ][com.krukowska.calculator.CalculatorApplicationTests] Started CalculatorApplicationTests in 0.615 seconds (JVM running for 3.91)
[2020-03-24T13:04:31,504][INFO ][com.krukowska.calculator.controllers.CalculatorControllerTest] Starting CalculatorControllerTest on edyta-ThinkPad-T470 with PID 27391 (started by edyta in /home/edyta/Repository/java-playground/calculator)
[2020-03-24T13:04:31,538][INFO ][com.krukowska.calculator.controllers.CalculatorControllerTest] No active profile set, falling back to default profiles: default
[2020-03-24T13:04:33,067][INFO ][com.krukowska.calculator.controllers.CalculatorControllerTest] Started CalculatorControllerTest in 1.848 seconds (JVM running for 3.246)
[2020-03-24T13:04:33,152][INFO ][com.krukowska.calculator.controllers.CalculatorController] Result method accessed
[2020-03-24T13:04:33,250][INFO ][com.krukowska.calculator.CalculatorApplicationTests] Starting CalculatorApplicationTests on edyta-ThinkPad-T470 with PID 27391 (started by edyta in /home/edyta/Repository/java-playground/calculator)
[2020-03-24T13:04:33,252][INFO ][com.krukowska.calculator.CalculatorApplicationTests] No active profile set, falling back to default profiles: default
[2020-03-24T13:04:33,889][INFO ][com.krukowska.calculator.CalculatorApplicationTests] Started CalculatorApplicationTests in 0.661 seconds (JVM running for 4.068)
[2020-03-24T14:04:16,023][INFO ][com.krukowska.calculator.CalculatorApplication] Starting CalculatorApplication on edyta-ThinkPad-T470 with PID 5133 (/home/edyta/Repository/java-playground/calculator/target/classes started by edyta in /home/edyta/Repository/java-playground/calculator)
[2020-03-24T14:04:16,033][INFO ][com.krukowska.calculator.CalculatorApplication] No active profile set, falling back to default profiles: default
[2020-03-24T14:04:17,215][INFO ][com.krukowska.calculator.CalculatorApplication] Started CalculatorApplication in 1.586 seconds (JVM running for 2.517)
[2020-03-24T14:04:21,926][INFO ][com.krukowska.calculator.controllers.CalculatorController] Result method accessed
[2020-03-24T14:04:23,699][INFO ][com.krukowska.calculator.controllers.CalculatorController] Result method accessed
[2020-03-24T14:04:58,937][INFO ][com.krukowska.calculator.CalculatorApplication] Starting CalculatorApplication on edyta-ThinkPad-T470 with PID 5252 (/home/edyta/Repository/java-playground/calculator/target/classes started by edyta in /home/edyta/Repository/java-playground/calculator)
[2020-03-24T14:04:58,958][INFO ][com.krukowska.calculator.CalculatorApplication] No active profile set, falling back to default profiles: default
[2020-03-24T14:05:00,386][INFO ][com.krukowska.calculator.CalculatorApplication] Started CalculatorApplication in 2.144 seconds (JVM running for 3.251)
[2020-03-24T14:05:30,918][INFO ][com.krukowska.calculator.controllers.CalculatorControllerTest] Starting CalculatorControllerTest on edyta-ThinkPad-T470 with PID 5481 (started by edyta in /home/edyta/Repository/java-playground/calculator)
[2020-03-24T14:05:30,944][INFO ][com.krukowska.calculator.controllers.CalculatorControllerTest] No active profile set, falling back to default profiles: default
[2020-03-24T14:05:32,452][INFO ][com.krukowska.calculator.controllers.CalculatorControllerTest] Started CalculatorControllerTest in 1.794 seconds (JVM running for 3.406)
[2020-03-24T14:05:32,540][INFO ][com.krukowska.calculator.controllers.CalculatorController] Result method accessed
[2020-03-24T14:05:32,650][INFO ][com.krukowska.calculator.CalculatorApplicationTests] Starting CalculatorApplicationTests on edyta-ThinkPad-T470 with PID 5481 (started by edyta in /home/edyta/Repository/java-playground/calculator)
[2020-03-24T14:05:32,652][INFO ][com.krukowska.calculator.CalculatorApplicationTests] No active profile set, falling back to default profiles: default
[2020-03-24T14:05:33,251][INFO ][com.krukowska.calculator.CalculatorApplicationTests] Started CalculatorApplicationTests in 0.625 seconds (JVM running for 4.205)
[2020-03-24T14:41:09,101][INFO ][com.krukowska.calculator.CalculatorApplication] Starting CalculatorApplication on edyta-ThinkPad-T470 with PID 9728 (/home/edyta/Repository/java-playground/calculator/target/classes started by edyta in /home/edyta/Repository/java-playground/calculator)
[2020-03-24T14:41:09,105][INFO ][com.krukowska.calculator.CalculatorApplication] No active profile set, falling back to default profiles: default
[2020-03-24T14:41:10,278][INFO ][com.krukowska.calculator.CalculatorApplication] Started CalculatorApplication in 1.549 seconds (JVM running for 2.673)
[2020-03-24T14:41:17,742][INFO ][com.krukowska.calculator.controllers.CalculatorController] Result method accessed
[2020-03-25T10:56:56,129][INFO ][com.krukowska.calculator.CalculatorApplication] Starting CalculatorApplication v0.0.1-SNAPSHOT on e9823a533cbb with PID 1 (/app.jar started by edyta in /)
[2020-03-25T10:56:56,136][INFO ][com.krukowska.calculator.CalculatorApplication] No active profile set, falling back to default profiles: default
[2020-03-25T10:56:57,805][INFO ][com.krukowska.calculator.CalculatorApplication] Started CalculatorApplication in 2.149 seconds (JVM running for 3.443)
[2020-03-25T11:03:57,484][INFO ][com.krukowska.calculator.controllers.CalculatorController] Result method accessed
[2020-03-25T11:05:13,267][INFO ][com.krukowska.calculator.controllers.CalculatorController] Result method accessed
[2020-03-25T12:08:21,830][INFO ][com.krukowska.calculator.controllers.CalculatorControllerTest] Starting CalculatorControllerTest on edyta-ThinkPad-T470 with PID 13205 (started by edyta in /home/edyta/Repository/java-playground/calculator)
[2020-03-25T12:08:21,846][INFO ][com.krukowska.calculator.controllers.CalculatorControllerTest] No active profile set, falling back to default profiles: default
[2020-03-25T12:08:23,385][INFO ][com.krukowska.calculator.controllers.CalculatorControllerTest] Started CalculatorControllerTest in 1.851 seconds (JVM running for 3.342)
[2020-03-25T12:08:23,479][INFO ][com.krukowska.calculator.controllers.CalculatorController] Result method accessed
[2020-03-25T12:08:23,654][INFO ][com.krukowska.calculator.CalculatorApplicationTests] Starting CalculatorApplicationTests on edyta-ThinkPad-T470 with PID 13205 (started by edyta in /home/edyta/Repository/java-playground/calculator)
[2020-03-25T12:08:23,668][INFO ][com.krukowska.calculator.CalculatorApplicationTests] No active profile set, falling back to default profiles: default
[2020-03-25T12:08:24,382][INFO ][com.krukowska.calculator.CalculatorApplicationTests] Started CalculatorApplicationTests in 0.791 seconds (JVM running for 4.339)
[2020-03-25T12:08:33,856][INFO ][com.krukowska.calculator.CalculatorApplication] Starting CalculatorApplication on edyta-ThinkPad-T470 with PID 13326 (/home/edyta/Repository/java-playground/calculator/target/classes started by edyta in /home/edyta/Repository/java-playground/calculator)
[2020-03-25T12:08:33,864][INFO ][com.krukowska.calculator.CalculatorApplication] No active profile set, falling back to default profiles: default
[2020-03-25T12:08:35,199][INFO ][com.krukowska.calculator.CalculatorApplication] Started CalculatorApplication in 2.25 seconds (JVM running for 4.681)
[2020-03-25T12:08:40,065][INFO ][com.krukowska.calculator.controllers.CalculatorController] Result method accessed
[2020-03-25T12:10:27,369][INFO ][com.krukowska.calculator.CalculatorApplication] Starting CalculatorApplication on edyta-ThinkPad-T470 with PID 13518 (/home/edyta/Repository/java-playground/calculator/target/classes started by edyta in /home/edyta/Repository/java-playground/calculator)
[2020-03-25T12:10:27,398][INFO ][com.krukowska.calculator.CalculatorApplication] No active profile set, falling back to default profiles: default
[2020-03-25T12:10:28,342][INFO ][com.krukowska.calculator.CalculatorApplication] Started CalculatorApplication in 1.431 seconds (JVM running for 2.395)
[2020-03-25T12:16:27,934][INFO ][com.krukowska.calculator.CalculatorApplication] Starting CalculatorApplication on edyta-ThinkPad-T470 with PID 13926 (/home/edyta/Repository/java-playground/calculator/target/classes started by edyta in /home/edyta/Repository/java-playground/calculator)
[2020-03-25T12:16:27,952][INFO ][com.krukowska.calculator.CalculatorApplication] No active profile set, falling back to default profiles: default
[2020-03-25T12:16:28,962][INFO ][com.krukowska.calculator.CalculatorApplication] Started CalculatorApplication in 1.416 seconds (JVM running for 2.48)
[2020-03-25T12:16:45,537][INFO ][com.krukowska.calculator.controllers.CalculatorController] Result method accessed
[2020-03-25T12:18:08,687][INFO ][com.krukowska.calculator.CalculatorApplication] Starting CalculatorApplication on edyta-ThinkPad-T470 with PID 14158 (/home/edyta/Repository/java-playground/calculator/target/classes started by edyta in /home/edyta/Repository/java-playground/calculator)
[2020-03-25T12:18:08,701][INFO ][com.krukowska.calculator.CalculatorApplication] No active profile set, falling back to default profiles: default
[2020-03-25T12:18:09,590][INFO ][com.krukowska.calculator.CalculatorApplication] Started CalculatorApplication in 1.459 seconds (JVM running for 2.467)
[2020-03-25T12:18:21,092][INFO ][com.krukowska.calculator.controllers.CalculatorController] Result method accessed
[2020-03-25T12:18:21,706][INFO ][com.krukowska.calculator.controllers.CalculatorController] Result method accessed
[2020-03-25T11:18:59,038][INFO ][com.krukowska.calculator.CalculatorApplication] Starting CalculatorApplication v0.0.1-SNAPSHOT on c4df2a9ee259 with PID 1 (/app.jar started by edyta in /)
[2020-03-25T11:18:59,047][INFO ][com.krukowska.calculator.CalculatorApplication] No active profile set, falling back to default profiles: default
[2020-03-25T11:19:00,866][INFO ][com.krukowska.calculator.CalculatorApplication] Started CalculatorApplication in 2.33 seconds (JVM running for 3.419)
[2020-03-25T11:25:18,530][INFO ][com.krukowska.calculator.CalculatorApplication] Starting CalculatorApplication v0.0.1-SNAPSHOT on c4df2a9ee259 with PID 1 (/app.jar started by edyta in /)
[2020-03-25T11:25:18,539][INFO ][com.krukowska.calculator.CalculatorApplication] No active profile set, falling back to default profiles: default
[2020-03-25T11:25:20,207][INFO ][com.krukowska.calculator.CalculatorApplication] Started CalculatorApplication in 2.216 seconds (JVM running for 3.298)
[2020-03-25T11:25:40,897][INFO ][com.krukowska.calculator.CalculatorApplication] Starting CalculatorApplication v0.0.1-SNAPSHOT on 46d7e37b5749 with PID 1 (/app.jar started by edyta in /)
[2020-03-25T11:25:40,912][INFO ][com.krukowska.calculator.CalculatorApplication] No active profile set, falling back to default profiles: default
[2020-03-25T11:25:42,559][INFO ][com.krukowska.calculator.CalculatorApplication] Started CalculatorApplication in 2.116 seconds (JVM running for 3.208)
[2020-03-25T11:26:08,233][INFO ][com.krukowska.calculator.controllers.CalculatorController] Result method accessed
[2020-03-25T11:27:03,840][INFO ][com.krukowska.calculator.controllers.CalculatorController] Result method accessed
[2020-03-25T11:27:09,729][INFO ][com.krukowska.calculator.controllers.CalculatorController] Result method accessed
[2020-03-26T08:50:16,884][INFO ][com.krukowska.calculator.CalculatorApplication] Starting CalculatorApplication v0.0.1-SNAPSHOT on 46d7e37b5749 with PID 1 (/app.jar started by edyta in /)
[2020-03-26T08:50:16,939][INFO ][com.krukowska.calculator.CalculatorApplication] No active profile set, falling back to default profiles: default
[2020-03-26T08:50:20,965][INFO ][com.krukowska.calculator.CalculatorApplication] Started CalculatorApplication in 5.138 seconds (JVM running for 7.327)
[2020-03-26T08:50:36,589][INFO ][com.krukowska.calculator.controllers.CalculatorController] Result method accessed
[2020-03-26T08:50:36,731][INFO ][com.krukowska.calculator.controllers.CalculatorController] Result method accessed
[2020-03-26T08:50:36,749][INFO ][com.krukowska.calculator.controllers.CalculatorController] Result method accessed
[2020-03-26T08:50:36,769][INFO ][com.krukowska.calculator.controllers.CalculatorController] Result method accessed
[2020-03-26T08:53:43,763][INFO ][com.krukowska.calculator.controllers.CalculatorController] Result method accessed
[2020-03-26T08:53:43,782][INFO ][com.krukowska.calculator.controllers.CalculatorController] Result method accessed
[2020-03-26T08:53:43,795][INFO ][com.krukowska.calculator.controllers.CalculatorController] Result method accessed
[2020-03-26T08:53:43,817][INFO ][com.krukowska.calculator.controllers.CalculatorController] Result method accessed
[2020-03-26T08:54:13,049][INFO ][com.krukowska.calculator.controllers.CalculatorController] Result method accessed
[2020-03-26T08:54:13,060][INFO ][com.krukowska.calculator.controllers.CalculatorController] Result method accessed
[2020-03-26T08:54:13,118][INFO ][com.krukowska.calculator.controllers.CalculatorController] Result method accessed
[2020-03-26T08:54:13,156][INFO ][com.krukowska.calculator.controllers.CalculatorController] Result method accessed
[2020-03-26T09:46:11,609][INFO ][com.krukowska.calculator.CalculatorApplication] Starting CalculatorApplication v0.0.1-SNAPSHOT on 46d7e37b5749 with PID 1 (/app.jar started by edyta in /)
[2020-03-26T09:46:11,624][INFO ][com.krukowska.calculator.CalculatorApplication] No active profile set, falling back to default profiles: default
[2020-03-26T09:46:13,363][INFO ][com.krukowska.calculator.CalculatorApplication] Started CalculatorApplication in 2.199 seconds (JVM running for 3.374)
[2020-03-26T09:46:35,533][INFO ][com.krukowska.calculator.CalculatorApplication] Starting CalculatorApplication v0.0.1-SNAPSHOT on 6a88bf9782de with PID 1 (/app.jar started by edyta in /)
[2020-03-26T09:46:35,547][INFO ][com.krukowska.calculator.CalculatorApplication] No active profile set, falling back to default profiles: default
[2020-03-26T09:46:37,449][INFO ][com.krukowska.calculator.CalculatorApplication] Started CalculatorApplication in 2.356 seconds (JVM running for 3.444)
[2020-03-26T09:46:50,694][INFO ][com.krukowska.calculator.controllers.CalculatorController] Result method accessed
[2020-04-28T06:37:11,033][INFO ][com.krukowska.calculator.CalculatorApplication] Starting CalculatorApplication v0.0.1-SNAPSHOT on 82beeedf759c with PID 1 (/app.jar started by edyta in /)
[2020-04-28T06:37:11,046][INFO ][com.krukowska.calculator.CalculatorApplication] No active profile set, falling back to default profiles: default
[2020-04-28T06:37:14,071][INFO ][com.krukowska.calculator.CalculatorApplication] Started CalculatorApplication in 3.582 seconds (JVM running for 5.019)
[2020-04-28T06:38:16,770][INFO ][com.krukowska.calculator.CalculatorApplication] Starting CalculatorApplication v0.0.1-SNAPSHOT on 82beeedf759c with PID 1 (/app.jar started by edyta in /)
[2020-04-28T06:38:16,783][INFO ][com.krukowska.calculator.CalculatorApplication] No active profile set, falling back to default profiles: default
[2020-04-28T06:38:18,928][INFO ][com.krukowska.calculator.CalculatorApplication] Started CalculatorApplication in 2.564 seconds (JVM running for 3.783)
[2020-04-28T06:57:38,908][INFO ][com.krukowska.calculator.controllers.CalculatorController] Result method accessed
[2020-04-28T07:11:24,580][INFO ][com.krukowska.calculator.CalculatorApplication] Starting CalculatorApplication v0.0.1-SNAPSHOT on 82beeedf759c with PID 1 (/app.jar started by edyta in /)
[2020-04-28T07:11:24,608][INFO ][com.krukowska.calculator.CalculatorApplication] No active profile set, falling back to default profiles: default
[2020-04-28T07:11:27,075][INFO ][com.krukowska.calculator.CalculatorApplication] Started CalculatorApplication in 3.064 seconds (JVM running for 4.693)
[2020-04-28T07:15:57,909][INFO ][com.krukowska.calculator.controllers.CalculatorController] Result method accessed
[2020-04-28T07:15:59,145][INFO ][com.krukowska.calculator.controllers.CalculatorController] Result method accessed
[2020-04-28T07:16:03,435][INFO ][com.krukowska.calculator.controllers.CalculatorController] Result method accessed
[2020-04-28T07:23:09,247][INFO ][com.krukowska.calculator.controllers.CalculatorController] Result method accessed
[2020-04-28T07:57:01,293][INFO ][com.krukowska.calculator.controllers.CalculatorController] Result method accessed
[2020-04-28T07:57:29,430][INFO ][com.krukowska.calculator.controllers.CalculatorController] Result method accessed
[2020-04-28T07:58:02,992][INFO ][com.krukowska.calculator.controllers.CalculatorController] Result method accessed
